TN:
SF:src/index.js
FN:1,(empty-report)
FNF:1
FNH:0
FNDA:0,(empty-report)
DA:1,0
DA:2,0
DA:3,0
DA:4,0
DA:5,0
DA:6,0
DA:7,0
DA:8,0
DA:9,0
DA:10,0
DA:11,0
DA:12,0
DA:13,0
DA:14,0
LF:14
LH:0
BRDA:1,0,0,0
BRF:1
BRH:0
end_of_record
TN:
SF:src/routes.js
FN:1,(empty-report)
FNF:1
FNH:0
FNDA:0,(empty-report)
DA:1,0
DA:2,0
DA:3,0
DA:4,0
DA:5,0
DA:6,0
DA:7,0
DA:8,0
DA:9,0
DA:10,0
DA:11,0
DA:12,0
DA:13,0
DA:14,0
DA:15,0
DA:16,0
DA:17,0
DA:18,0
DA:19,0
DA:20,0
DA:21,0
DA:22,0
DA:23,0
DA:24,0
DA:25,0
DA:26,0
DA:27,0
DA:28,0
DA:29,0
DA:30,0
DA:31,0
DA:32,0
DA:33,0
DA:34,0
DA:35,0
DA:36,0
DA:37,0
DA:38,0
DA:39,0
LF:39
LH:0
BRDA:1,0,0,0
BRF:1
BRH:0
end_of_record
TN:
SF:src/controllers/UsersController.js
FN:1,_interopRequireDefault
FN:4,findAll
FN:12,find
FN:23,create
FN:36,update
FN:50,destroy
FNF:6
FNH:2
FNDA:1,_interopRequireDefault
FNDA:0,findAll
FNDA:0,find
FNDA:3,create
FNDA:0,update
FNDA:0,destroy
DA:1,0
DA:2,1
DA:3,1
DA:4,0
DA:5,0
DA:6,0
DA:7,0
DA:8,0
DA:9,0
DA:10,0
DA:11,1
DA:12,0
DA:13,0
DA:14,0
DA:15,0
DA:16,0
DA:17,0
DA:18,0
DA:19,0
DA:20,0
DA:21,0
DA:22,1
DA:23,3
DA:24,3
DA:25,3
DA:26,3
DA:27,2
DA:28,1
DA:29,1
DA:30,1
DA:31,2
DA:32,2
DA:33,2
DA:34,3
DA:35,1
DA:36,0
DA:37,0
DA:38,0
DA:39,0
DA:40,0
DA:41,0
DA:42,0
DA:43,0
DA:44,0
DA:45,0
DA:46,0
DA:47,0
DA:48,0
DA:49,1
DA:50,0
DA:51,0
DA:52,0
DA:53,0
DA:54,0
DA:55,0
DA:56,0
DA:57,0
DA:58,0
DA:59,0
DA:60,0
DA:61,0
DA:62,1
DA:63,1
LF:63
LH:20
BRDA:1,0,0,1
BRDA:1,1,0,0
BRDA:23,2,0,3
BRDA:27,3,0,2
BRDA:28,4,0,1
BRDA:31,5,0,2
BRF:6
BRH:5
end_of_record
TN:
SF:src/helpers/connection.js
FN:4,getConnection
FNF:1
FNH:1
FNDA:3,getConnection
DA:1,1
DA:2,1
DA:3,1
DA:4,3
LF:4
LH:4
BRDA:4,0,0,3
BRF:1
BRH:1
end_of_record
TN:
SF:src/helpers/httpResponses.js
FN:1,success
FN:3,badRequest
FNF:2
FNH:2
FNDA:1,success
FNDA:2,badRequest
DA:1,1
DA:2,1
DA:3,2
DA:4,1
DA:5,1
LF:5
LH:5
BRDA:1,0,0,1
BRDA:3,1,0,2
BRF:2
BRH:2
end_of_record
TN:
SF:src/models/User.js
FN:4,findAll
FN:12,findById
FN:20,findOne
FN:28,create
FN:36,update
FN:47,destroy
FNF:6
FNH:1
FNDA:1,findAll
FNDA:0,findById
FNDA:0,findOne
FNDA:0,create
FNDA:0,update
FNDA:0,destroy
DA:1,1
DA:2,1
DA:3,1
DA:4,1
DA:5,1
DA:6,1
DA:7,0
DA:8,0
DA:9,0
DA:10,1
DA:11,1
DA:12,0
DA:13,0
DA:14,0
DA:15,0
DA:16,0
DA:17,0
DA:18,0
DA:19,1
DA:20,0
DA:21,0
DA:22,0
DA:23,0
DA:24,0
DA:25,0
DA:26,0
DA:27,1
DA:28,0
DA:29,0
DA:30,0
DA:31,0
DA:32,0
DA:33,0
DA:34,0
DA:35,1
DA:36,0
DA:37,0
DA:38,0
DA:39,0
DA:40,0
DA:41,0
DA:42,0
DA:43,0
DA:44,0
DA:45,0
DA:46,1
DA:47,0
DA:48,0
DA:49,0
DA:50,0
DA:51,0
DA:52,0
DA:53,0
DA:54,1
DA:55,1
DA:56,1
LF:56
LH:15
BRDA:4,0,0,1
BRDA:7,1,0,0
BRF:2
BRH:1
end_of_record
